<?xml version="1.0" encoding="UTF-8"?>
<testng-results skipped="0" failed="0" ignored="0" total="7" passed="7">
  <reporter-output>
  </reporter-output>
  <suite name="Default suite" duration-ms="47" started-at="2018-06-05T15:59:55Z" finished-at="2018-06-05T15:59:55Z">
    <groups>
    </groups>
    <test name="Default test" duration-ms="47" started-at="2018-06-05T15:59:55Z" finished-at="2018-06-05T15:59:55Z">
      <class name="com.revature.TestNG.SolutionTest">
        <test-method status="PASS" signature="factorialTest()[pri:0, instance:com.revature.TestNG.SolutionTest@6cc4c815]" name="factorialTest" duration-ms="15" started-at="2018-06-05T15:59:55Z" finished-at="2018-06-05T15:59:55Z">
          <reporter-output>
          </reporter-output>
        </test-method> <!-- factorialTest -->
        <test-method status="PASS" signature="isPalindromeTestTrue()[pri:0, instance:com.revature.TestNG.SolutionTest@6cc4c815]" name="isPalindromeTestTrue" duration-ms="0" started-at="2018-06-05T15:59:55Z" finished-at="2018-06-05T15:59:55Z">
          <reporter-output>
          </reporter-output>
        </test-method> <!-- isPalindromeTestTrue -->
        <test-method status="PASS" signature="modifyStringTest()[pri:0, instance:com.revature.TestNG.SolutionTest@6cc4c815]" name="modifyStringTest" duration-ms="0" started-at="2018-06-05T15:59:55Z" finished-at="2018-06-05T15:59:55Z">
          <reporter-output>
          </reporter-output>
        </test-method> <!-- modifyStringTest -->
        <test-method status="PASS" signature="recursiveFibTest()[pri:0, instance:com.revature.TestNG.SolutionTest@6cc4c815]" name="recursiveFibTest" duration-ms="16" started-at="2018-06-05T15:59:55Z" finished-at="2018-06-05T15:59:55Z">
          <reporter-output>
          </reporter-output>
        </test-method> <!-- recursiveFibTest -->
        <test-method status="PASS" signature="iterativeFibTest()[pri:0, instance:com.revature.TestNG.SolutionTest@6cc4c815]" name="iterativeFibTest" duration-ms="0" started-at="2018-06-05T15:59:55Z" finished-at="2018-06-05T15:59:55Z">
          <reporter-output>
          </reporter-output>
        </test-method> <!-- iterativeFibTest -->
        <test-method status="PASS" signature="isPalindromeTestFalse()[pri:0, instance:com.revature.TestNG.SolutionTest@6cc4c815]" name="isPalindromeTestFalse" duration-ms="0" started-at="2018-06-05T15:59:55Z" finished-at="2018-06-05T15:59:55Z">
          <reporter-output>
          </reporter-output>
        </test-method> <!-- isPalindromeTestFalse -->
        <test-method status="PASS" signature="reverseString()[pri:0, instance:com.revature.TestNG.SolutionTest@6cc4c815]" name="reverseString" duration-ms="0" started-at="2018-06-05T15:59:55Z" finished-at="2018-06-05T15:59:55Z">
          <reporter-output>
          </reporter-output>
        </test-method> <!-- reverseString -->
      </class> <!-- com.revature.TestNG.SolutionTest -->
    </test> <!-- Default test -->
  </suite> <!-- Default suite -->
</testng-results>
