<?xml version="1.0" encoding="UTF-8"?>
<!-- Generated by org.testng.reporters.JUnitXMLReporter -->
<testsuite hostname="LAPTOP-V6K3QTEF" ignored="0" name="Default test" tests="7" failures="0" timestamp="05 Jun 2018 15:59:55 GMT" time="0.047" errors="0">
  <testcase name="factorialTest" time="0.015" classname="com.revature.TestNG.SolutionTest"/>
  <testcase name="isPalindromeTestFalse" time="0.0" classname="com.revature.TestNG.SolutionTest"/>
  <testcase name="isPalindromeTestTrue" time="0.0" classname="com.revature.TestNG.SolutionTest"/>
  <testcase name="iterativeFibTest" time="0.0" classname="com.revature.TestNG.SolutionTest"/>
  <testcase name="modifyStringTest" time="0.0" classname="com.revature.TestNG.SolutionTest"/>
  <testcase name="recursiveFibTest" time="0.016" classname="com.revature.TestNG.SolutionTest"/>
  <testcase name="reverseString" time="0.0" classname="com.revature.TestNG.SolutionTest"/>
</testsuite> <!-- Default test -->
